mode: atomic
www.ivtlinfoview.com/infotax/infotax-backend/app/interface/api/handler/user_login_detail/create_user_login_detail.go:27.74,30.51 2 4
www.ivtlinfoview.com/infotax/infotax-backend/app/interface/api/handler/user_login_detail/create_user_login_detail.go:35.2,41.16 6 2
www.ivtlinfoview.com/infotax/infotax-backend/app/interface/api/handler/user_login_detail/create_user_login_detail.go:49.2,49.34 1 1
www.ivtlinfoview.com/infotax/infotax-backend/app/interface/api/handler/user_login_detail/create_user_login_detail.go:30.51,32.3 1 2
www.ivtlinfoview.com/infotax/infotax-backend/app/interface/api/handler/user_login_detail/create_user_login_detail.go:41.16,47.3 3 1
www.ivtlinfoview.com/infotax/infotax-backend/app/interface/api/handler/user_login_detail/download_users_login_detail.go:18.77,22.16 3 2
www.ivtlinfoview.com/infotax/infotax-backend/app/interface/api/handler/user_login_detail/download_users_login_detail.go:30.2,34.20 5 1
www.ivtlinfoview.com/infotax/infotax-backend/app/interface/api/handler/user_login_detail/download_users_login_detail.go:22.16,28.3 3 1
www.ivtlinfoview.com/infotax/infotax-backend/app/interface/api/handler/user_login_detail/get_user_login_detail.go:16.106,20.2 1 28
www.ivtlinfoview.com/infotax/infotax-backend/app/interface/api/handler/user_login_detail/get_user_login_detail.go:35.71,38.16 3 2
www.ivtlinfoview.com/infotax/infotax-backend/app/interface/api/handler/user_login_detail/get_user_login_detail.go:46.2,46.39 1 1
www.ivtlinfoview.com/infotax/infotax-backend/app/interface/api/handler/user_login_detail/get_user_login_detail.go:38.16,44.3 3 1
www.ivtlinfoview.com/infotax/infotax-backend/app/interface/api/handler/user_login_detail/get_users_login_detail.go:20.74,23.16 2 2
www.ivtlinfoview.com/infotax/infotax-backend/app/interface/api/handler/user_login_detail/get_users_login_detail.go:31.2,31.40 1 1
www.ivtlinfoview.com/infotax/infotax-backend/app/interface/api/handler/user_login_detail/get_users_login_detail.go:23.16,29.3 3 1
www.ivtlinfoview.com/infotax/infotax-backend/app/interface/api/handler/user_login_detail/search_user_login_detail.go:30.74,34.55 2 4
www.ivtlinfoview.com/infotax/infotax-backend/app/interface/api/handler/user_login_detail/search_user_login_detail.go:37.2,37.55 1 4
www.ivtlinfoview.com/infotax/infotax-backend/app/interface/api/handler/user_login_detail/search_user_login_detail.go:40.2,40.49 1 4
www.ivtlinfoview.com/infotax/infotax-backend/app/interface/api/handler/user_login_detail/search_user_login_detail.go:43.2,43.50 1 4
www.ivtlinfoview.com/infotax/infotax-backend/app/interface/api/handler/user_login_detail/search_user_login_detail.go:46.2,46.42 1 4
www.ivtlinfoview.com/infotax/infotax-backend/app/interface/api/handler/user_login_detail/search_user_login_detail.go:49.2,49.57 1 4
www.ivtlinfoview.com/infotax/infotax-backend/app/interface/api/handler/user_login_detail/search_user_login_detail.go:61.2,61.42 1 3
www.ivtlinfoview.com/infotax/infotax-backend/app/interface/api/handler/user_login_detail/search_user_login_detail.go:65.2,65.24 1 3
www.ivtlinfoview.com/infotax/infotax-backend/app/interface/api/handler/user_login_detail/search_user_login_detail.go:74.2,75.16 2 2
www.ivtlinfoview.com/infotax/infotax-backend/app/interface/api/handler/user_login_detail/search_user_login_detail.go:83.2,83.34 1 1
www.ivtlinfoview.com/infotax/infotax-backend/app/interface/api/handler/user_login_detail/search_user_login_detail.go:34.55,36.3 1 3
www.ivtlinfoview.com/infotax/infotax-backend/app/interface/api/handler/user_login_detail/search_user_login_detail.go:37.55,39.3 1 3
www.ivtlinfoview.com/infotax/infotax-backend/app/interface/api/handler/user_login_detail/search_user_login_detail.go:40.49,42.3 1 2
www.ivtlinfoview.com/infotax/infotax-backend/app/interface/api/handler/user_login_detail/search_user_login_detail.go:43.50,45.3 1 2
www.ivtlinfoview.com/infotax/infotax-backend/app/interface/api/handler/user_login_detail/search_user_login_detail.go:46.42,48.3 1 2
www.ivtlinfoview.com/infotax/infotax-backend/app/interface/api/handler/user_login_detail/search_user_login_detail.go:49.57,51.18 2 3
www.ivtlinfoview.com/infotax/infotax-backend/app/interface/api/handler/user_login_detail/search_user_login_detail.go:59.3,59.39 1 2
www.ivtlinfoview.com/infotax/infotax-backend/app/interface/api/handler/user_login_detail/search_user_login_detail.go:51.18,58.4 4 1
www.ivtlinfoview.com/infotax/infotax-backend/app/interface/api/handler/user_login_detail/search_user_login_detail.go:61.42,63.3 1 2
www.ivtlinfoview.com/infotax/infotax-backend/app/interface/api/handler/user_login_detail/search_user_login_detail.go:65.24,72.3 4 1
www.ivtlinfoview.com/infotax/infotax-backend/app/interface/api/handler/user_login_detail/search_user_login_detail.go:75.16,81.3 3 1
www.ivtlinfoview.com/infotax/infotax-backend/app/interface/api/handler/user_login_detail/update_user_login_detail.go:27.74,31.51 3 4
www.ivtlinfoview.com/infotax/infotax-backend/app/interface/api/handler/user_login_detail/update_user_login_detail.go:35.2,36.16 2 2
www.ivtlinfoview.com/infotax/infotax-backend/app/interface/api/handler/user_login_detail/update_user_login_detail.go:44.2,44.33 1 1
www.ivtlinfoview.com/infotax/infotax-backend/app/interface/api/handler/user_login_detail/update_user_login_detail.go:31.51,33.3 1 2
www.ivtlinfoview.com/infotax/infotax-backend/app/interface/api/handler/user_login_detail/update_user_login_detail.go:36.16,42.3 3 1
www.ivtlinfoview.com/infotax/infotax-backend/app/interface/api/handler/user_login_detail/upload_users_login_detail.go:25.75,28.17 2 4
www.ivtlinfoview.com/infotax/infotax-backend/app/interface/api/handler/user_login_detail/upload_users_login_detail.go:37.2,38.19 2 3
www.ivtlinfoview.com/infotax/infotax-backend/app/interface/api/handler/user_login_detail/upload_users_login_detail.go:46.2,49.16 3 2
www.ivtlinfoview.com/infotax/infotax-backend/app/interface/api/handler/user_login_detail/upload_users_login_detail.go:57.2,57.34 1 1
www.ivtlinfoview.com/infotax/infotax-backend/app/interface/api/handler/user_login_detail/upload_users_login_detail.go:28.17,35.3 4 1
www.ivtlinfoview.com/infotax/infotax-backend/app/interface/api/handler/user_login_detail/upload_users_login_detail.go:38.19,45.3 4 1
www.ivtlinfoview.com/infotax/infotax-backend/app/interface/api/handler/user_login_detail/upload_users_login_detail.go:49.16,55.3 3 1
www.ivtlinfoview.com/infotax/infotax-backend/app/interface/api/handler/user_login_detail/delete_user_login_detail.go:23.74,27.16 3 2
www.ivtlinfoview.com/infotax/infotax-backend/app/interface/api/handler/user_login_detail/delete_user_login_detail.go:35.2,35.33 1 1
www.ivtlinfoview.com/infotax/infotax-backend/app/interface/api/handler/user_login_detail/delete_user_login_detail.go:27.16,33.3 3 1
www.ivtlinfoview.com/infotax/infotax-backend/app/interface/api/handler/user_login_detail/download_user_login_detail_template.go:18.84,22.16 3 2
www.ivtlinfoview.com/infotax/infotax-backend/app/interface/api/handler/user_login_detail/download_user_login_detail_template.go:30.2,34.20 5 1
www.ivtlinfoview.com/infotax/infotax-backend/app/interface/api/handler/user_login_detail/download_user_login_detail_template.go:22.16,28.3 3 1
www.ivtlinfoview.com/infotax/infotax-backend/app/interface/api/handler/user_login_detail/get_user_login_role.go:23.69,27.16 3 2
www.ivtlinfoview.com/infotax/infotax-backend/app/interface/api/handler/user_login_detail/get_user_login_role.go:35.2,35.31 1 1
www.ivtlinfoview.com/infotax/infotax-backend/app/interface/api/handler/user_login_detail/get_user_login_role.go:27.16,33.3 3 1
www.ivtlinfoview.com/infotax/infotax-backend/app/usecase/user_login_detail/upload_users_login_detail.go:23.129,29.6 6 6
www.ivtlinfoview.com/infotax/infotax-backend/app/usecase/user_login_detail/upload_users_login_detail.go:64.2,68.24 4 3
www.ivtlinfoview.com/infotax/infotax-backend/app/usecase/user_login_detail/upload_users_login_detail.go:73.2,73.31 1 2
www.ivtlinfoview.com/infotax/infotax-backend/app/usecase/user_login_detail/upload_users_login_detail.go:78.2,81.8 2 1
www.ivtlinfoview.com/infotax/infotax-backend/app/usecase/user_login_detail/upload_users_login_detail.go:29.6,31.21 2 18
www.ivtlinfoview.com/infotax/infotax-backend/app/usecase/user_login_detail/upload_users_login_detail.go:34.3,34.18 1 15
www.ivtlinfoview.com/infotax/infotax-backend/app/usecase/user_login_detail/upload_users_login_detail.go:38.3,39.19 2 14
www.ivtlinfoview.com/infotax/infotax-backend/app/usecase/user_login_detail/upload_users_login_detail.go:31.21,32.9 1 3
www.ivtlinfoview.com/infotax/infotax-backend/app/usecase/user_login_detail/upload_users_login_detail.go:34.18,37.4 2 1
www.ivtlinfoview.com/infotax/infotax-backend/app/usecase/user_login_detail/upload_users_login_detail.go:39.19,41.19 2 9
www.ivtlinfoview.com/infotax/infotax-backend/app/usecase/user_login_detail/upload_users_login_detail.go:45.4,56.49 2 8
www.ivtlinfoview.com/infotax/infotax-backend/app/usecase/user_login_detail/upload_users_login_detail.go:60.4,60.34 1 7
www.ivtlinfoview.com/infotax/infotax-backend/app/usecase/user_login_detail/upload_users_login_detail.go:41.19,44.5 2 1
www.ivtlinfoview.com/infotax/infotax-backend/app/usecase/user_login_detail/upload_users_login_detail.go:56.49,59.5 2 1
www.ivtlinfoview.com/infotax/infotax-backend/app/usecase/user_login_detail/upload_users_login_detail.go:68.24,71.3 2 1
www.ivtlinfoview.com/infotax/infotax-backend/app/usecase/user_login_detail/upload_users_login_detail.go:73.31,76.3 2 1
www.ivtlinfoview.com/infotax/infotax-backend/app/usecase/user_login_detail/create_user_login_detail.go:17.135,24.24 5 3
www.ivtlinfoview.com/infotax/infotax-backend/app/usecase/user_login_detail/create_user_login_detail.go:29.2,29.31 1 2
www.ivtlinfoview.com/infotax/infotax-backend/app/usecase/user_login_detail/create_user_login_detail.go:34.2,37.8 2 1
www.ivtlinfoview.com/infotax/infotax-backend/app/usecase/user_login_detail/create_user_login_detail.go:24.24,27.3 2 1
www.ivtlinfoview.com/infotax/infotax-backend/app/usecase/user_login_detail/create_user_login_detail.go:29.31,32.3 2 1
www.ivtlinfoview.com/infotax/infotax-backend/app/usecase/user_login_detail/download_users_login_detail.go:16.123,19.17 3 3
www.ivtlinfoview.com/infotax/infotax-backend/app/usecase/user_login_detail/download_users_login_detail.go:24.2,29.53 6 2
www.ivtlinfoview.com/infotax/infotax-backend/app/usecase/user_login_detail/download_users_login_detail.go:34.2,40.33 5 1
www.ivtlinfoview.com/infotax/infotax-backend/app/usecase/user_login_detail/download_users_login_detail.go:45.2,45.8 1 1
www.ivtlinfoview.com/infotax/infotax-backend/app/usecase/user_login_detail/download_users_login_detail.go:19.17,22.3 2 1
www.ivtlinfoview.com/infotax/infotax-backend/app/usecase/user_login_detail/download_users_login_detail.go:29.53,32.3 2 1
www.ivtlinfoview.com/infotax/infotax-backend/app/usecase/user_login_detail/download_users_login_detail.go:40.33,43.3 2 2
www.ivtlinfoview.com/infotax/infotax-backend/app/usecase/user_login_detail/get_user_login_detail.go:18.130,21.63 2 4
www.ivtlinfoview.com/infotax/infotax-backend/app/usecase/user_login_detail/get_user_login_detail.go:25.2,25.12 1 3
www.ivtlinfoview.com/infotax/infotax-backend/app/usecase/user_login_detail/get_user_login_detail.go:30.2,31.17 2 2
www.ivtlinfoview.com/infotax/infotax-backend/app/usecase/user_login_detail/get_user_login_detail.go:36.2,38.8 2 1
www.ivtlinfoview.com/infotax/infotax-backend/app/usecase/user_login_detail/get_user_login_detail.go:21.63,24.3 2 1
www.ivtlinfoview.com/infotax/infotax-backend/app/usecase/user_login_detail/get_user_login_detail.go:25.12,28.3 2 1
www.ivtlinfoview.com/infotax/infotax-backend/app/usecase/user_login_detail/get_user_login_detail.go:31.17,34.3 2 1
www.ivtlinfoview.com/infotax/infotax-backend/app/usecase/user_login_detail/get_user_login_role.go:12.126,15.17 2 4
www.ivtlinfoview.com/infotax/infotax-backend/app/usecase/user_login_detail/get_user_login_role.go:19.2,19.12 1 3
www.ivtlinfoview.com/infotax/infotax-backend/app/usecase/user_login_detail/get_user_login_role.go:24.2,25.17 2 2
www.ivtlinfoview.com/infotax/infotax-backend/app/usecase/user_login_detail/get_user_login_role.go:30.2,32.8 2 1
www.ivtlinfoview.com/infotax/infotax-backend/app/usecase/user_login_detail/get_user_login_role.go:15.17,18.3 2 1
www.ivtlinfoview.com/infotax/infotax-backend/app/usecase/user_login_detail/get_user_login_role.go:19.12,22.3 2 1
www.ivtlinfoview.com/infotax/infotax-backend/app/usecase/user_login_detail/get_user_login_role.go:25.17,28.3 2 1
www.ivtlinfoview.com/infotax/infotax-backend/app/usecase/user_login_detail/interfaces.go:31.84,35.2 1 35
www.ivtlinfoview.com/infotax/infotax-backend/app/usecase/user_login_detail/update_user_login_detail.go:14.151,18.17 3 5
www.ivtlinfoview.com/infotax/infotax-backend/app/usecase/user_login_detail/update_user_login_detail.go:22.2,22.12 1 4
www.ivtlinfoview.com/infotax/infotax-backend/app/usecase/user_login_detail/update_user_login_detail.go:27.2,28.17 2 3
www.ivtlinfoview.com/infotax/infotax-backend/app/usecase/user_login_detail/update_user_login_detail.go:33.2,36.17 3 2
www.ivtlinfoview.com/infotax/infotax-backend/app/usecase/user_login_detail/update_user_login_detail.go:41.2,44.8 2 1
www.ivtlinfoview.com/infotax/infotax-backend/app/usecase/user_login_detail/update_user_login_detail.go:18.17,21.3 2 1
www.ivtlinfoview.com/infotax/infotax-backend/app/usecase/user_login_detail/update_user_login_detail.go:22.12,25.3 2 1
www.ivtlinfoview.com/infotax/infotax-backend/app/usecase/user_login_detail/update_user_login_detail.go:28.17,31.3 2 1
www.ivtlinfoview.com/infotax/infotax-backend/app/usecase/user_login_detail/update_user_login_detail.go:36.17,39.3 2 1
www.ivtlinfoview.com/infotax/infotax-backend/app/usecase/user_login_detail/delete_user_login_detail.go:12.123,15.17 2 4
www.ivtlinfoview.com/infotax/infotax-backend/app/usecase/user_login_detail/delete_user_login_detail.go:19.2,19.12 1 3
www.ivtlinfoview.com/infotax/infotax-backend/app/usecase/user_login_detail/delete_user_login_detail.go:24.2,25.17 2 2
www.ivtlinfoview.com/infotax/infotax-backend/app/usecase/user_login_detail/delete_user_login_detail.go:30.2,33.8 2 1
www.ivtlinfoview.com/infotax/infotax-backend/app/usecase/user_login_detail/delete_user_login_detail.go:15.17,18.3 2 1
www.ivtlinfoview.com/infotax/infotax-backend/app/usecase/user_login_detail/delete_user_login_detail.go:19.12,22.3 2 1
www.ivtlinfoview.com/infotax/infotax-backend/app/usecase/user_login_detail/delete_user_login_detail.go:25.17,28.3 2 1
www.ivtlinfoview.com/infotax/infotax-backend/app/usecase/user_login_detail/download_user_login_detail_template.go:13.130,19.53 5 2
www.ivtlinfoview.com/infotax/infotax-backend/app/usecase/user_login_detail/download_user_login_detail_template.go:24.2,29.8 5 1
www.ivtlinfoview.com/infotax/infotax-backend/app/usecase/user_login_detail/download_user_login_detail_template.go:19.53,22.3 2 1
www.ivtlinfoview.com/infotax/infotax-backend/app/usecase/user_login_detail/get_users_login_detail.go:13.122,16.17 2 2
www.ivtlinfoview.com/infotax/infotax-backend/app/usecase/user_login_detail/get_users_login_detail.go:21.2,23.8 2 1
www.ivtlinfoview.com/infotax/infotax-backend/app/usecase/user_login_detail/get_users_login_detail.go:16.17,19.3 2 1
www.ivtlinfoview.com/infotax/infotax-backend/app/usecase/user_login_detail/search_user_login_detail.go:13.147,15.17 2 2
www.ivtlinfoview.com/infotax/infotax-backend/app/usecase/user_login_detail/search_user_login_detail.go:20.2,22.8 2 1
www.ivtlinfoview.com/infotax/infotax-backend/app/usecase/user_login_detail/search_user_login_detail.go:15.17,18.3 2 1
